<?xml version="1.0" encoding="UTF-8"?>
<!-- Generated by org.testng.reporters.JUnitReportReporter -->
<testsuite hostname="DESKTOP-A7PUH0H" failures="0" tests="1" name="com.Mohs10.Reports.New_PDF_Report" time="47.560" errors="0" timestamp="2024-06-03T17:49:44 IST" skipped="0">
  <testcase classname="com.Mohs10.Reports.New_PDF_Report" name="PDFreports" time="47.560"/>
</testsuite> <!-- com.Mohs10.Reports.New_PDF_Report -->
