<?xml version="1.0" encoding="UTF-8"?>
<!-- Generated by org.testng.reporters.JUnitReportReporter -->
<testsuite hostname="DESKTOP-AM6U94K" failures="0" tests="1" name="com.Mohs10.Dashboard.TablesTest" time="20.760" errors="0" timestamp="2023-08-09T19:52:08 IST" skipped="0">
  <testcase classname="com.Mohs10.Dashboard.TablesTest" name="Tables" time="20.760"/>
  <system-out/>
</testsuite> <!-- com.Mohs10.Dashboard.TablesTest -->
