<?xml version="1.0" encoding="UTF-8"?>
<!-- Generated by org.testng.reporters.JUnitReportReporter -->
<testsuite hostname="DESKTOP-AM6U94K" failures="0" tests="1" name="com.Mohs10.TestScripts.Register_Test" time="14.004" errors="0" timestamp="2023-08-09T19:52:08 IST" skipped="0">
  <testcase classname="com.Mohs10.TestScripts.Register_Test" name="UserregisterTestCase" time="14.004"/>
  <system-out/>
</testsuite> <!-- com.Mohs10.TestScripts.Register_Test -->
