<?xml version="1.0" encoding="UTF-8"?>
<!-- Generated by org.testng.reporters.JUnitReportReporter -->
<testsuite hostname="DESKTOP-A7PUH0H" failures="0" tests="1" name="com.Mohs10.TestScripts.HomePage_Login" time="14.053" errors="0" timestamp="2024-06-03T17:49:44 IST" skipped="0">
  <testcase classname="com.Mohs10.TestScripts.HomePage_Login" name="LoginTestCase" time="14.053"/>
</testsuite> <!-- com.Mohs10.TestScripts.HomePage_Login -->
