<?xml version="1.0" encoding="UTF-8"?>
<!-- Generated by org.testng.reporters.JUnitReportReporter -->
<testsuite hostname="DESKTOP-AM6U94K" failures="0" tests="2" name="com.Mohs10.TestScripts.HomePage_Login" time="65.709" errors="0" timestamp="2023-08-09T19:52:08 IST" skipped="0">
  <testcase classname="com.Mohs10.TestScripts.HomePage_Login" name="LoginTestCase" time="13.991"/>
  <system-out/>
  <testcase classname="com.Mohs10.TestScripts.HomePage_Login" name="NegativeLoginTest" time="51.718"/>
  <system-out/>
</testsuite> <!-- com.Mohs10.TestScripts.HomePage_Login -->
